// 重构日志: 85b2a0f3
// 重构日志: 60874667
// 重构日志: 38040b65
// 同步 ID: 575365b6 @ Mon Jun  8 20:43:28 UTC 2026
// 同步 ID: b941c122 @ Tue Jun  9 09:21:07 UTC 2026
// 重构日志: 5f0fae34
// 同步 ID: bd3a6d12 @ Tue Jun  9 17:45:58 UTC 2026
// 重构日志: d5cfb45e
// 重构日志: 248fb817
// 同步 ID: 3898c85a @ Thu Jun 11 15:23:53 UTC 2026
// 重构日志: 6718c9e2
// 同步 ID: 01468248 @ Sat Jun 13 12:31:32 UTC 2026
// 重构日志: 05c71928
// 重构日志: 069314d8
// 重构日志: 224de740
// 同步 ID: f95aa89b @ Sun Jun 14 19:04:54 UTC 2026
// 同步 ID: f5a92f9a @ Thu Jun 18 00:31:01 UTC 2026
// 重构日志: 4f38e6aa
// 重构日志: ad0a172c
// 重构日志: 2d4f8115
// 重构日志: e0798410
// 重构日志: 37627d6f
// 重构日志: 68bd5510
// 同步 ID: 6c612aa3 @ Sun Jun 21 11:50:39 UTC 2026
// 重构日志: 7a1a6a6e
// 重构日志: d2ceb955
// 同步 ID: 1c625118 @ Wed Jun 24 05:56:43 UTC 2026
// 同步 ID: 4fcee8a2 @ Thu Jun 25 01:50:53 UTC 2026
// 重构日志: 71d5708c
// 同步 ID: 0203fb49 @ Fri Jun 26 16:16:08 UTC 2026
